2024-05-31 20:41:27,799 [pool-31-IoTDB-ClientRPC-Processor-1] ERROR o.a.t.s.TThreadPoolServer$WorkerProcess:258 - Thrift Error occurred during processing of message. 
org.apache.thrift.transport.TTransportException: java.net.SocketException: Connection reset
	at org.apache.thrift.transport.TIOStreamTransport.read(TIOStreamTransport.java:178)
	at org.apache.thrift.transport.TTransport.readAll(TTransport.java:109)
	at org.apache.iotdb.rpc.TElasticFramedTransport.readFrame(TElasticFramedTransport.java:113)
	at org.apache.iotdb.rpc.TElasticFramedTransport.read(TElasticFramedTransport.java:108)
	at org.apache.thrift.transport.TTransport.readAll(TTransport.java:109)
	at org.apache.thrift.protocol.TBinaryProtocol.readAll(TBinaryProtocol.java:463)
	at org.apache.thrift.protocol.TBinaryProtocol.readI32(TBinaryProtocol.java:361)
	at org.apache.thrift.protocol.TBinaryProtocol.readMessageBegin(TBinaryProtocol.java:244)
	at org.apache.iotdb.db.protocol.thrift.ProcessorWithMetrics.process(ProcessorWithMetrics.java:50)
	at org.apache.thrift.server.TThreadPoolServer$WorkerProcess.run(TThreadPoolServer.java:248)
	at java.base/java.util.concurrent.ThreadPoolExecutor.runWorker(ThreadPoolExecutor.java:1144)
	at java.base/java.util.concurrent.ThreadPoolExecutor$Worker.run(ThreadPoolExecutor.java:642)
	at java.base/java.lang.Thread.run(Thread.java:1583)
Caused by: java.net.SocketException: Connection reset
	at java.base/sun.nio.ch.NioSocketImpl.implRead(NioSocketImpl.java:318)
	at java.base/sun.nio.ch.NioSocketImpl.read(NioSocketImpl.java:346)
	at java.base/sun.nio.ch.NioSocketImpl$1.read(NioSocketImpl.java:796)
	at java.base/java.net.Socket$SocketInputStream.read(Socket.java:1099)
	at java.base/java.io.BufferedInputStream.fill(BufferedInputStream.java:291)
	at java.base/java.io.BufferedInputStream.read1(BufferedInputStream.java:347)
	at java.base/java.io.BufferedInputStream.implRead(BufferedInputStream.java:420)
	at java.base/java.io.BufferedInputStream.read(BufferedInputStream.java:399)
	at org.apache.thrift.transport.TIOStreamTransport.read(TIOStreamTransport.java:176)
	... 12 common frames omitted
2024-05-31 20:43:34,364 [pool-31-IoTDB-ClientRPC-Processor-2] ERROR o.a.t.s.TThreadPoolServer$WorkerProcess:258 - Thrift Error occurred during processing of message. 
org.apache.thrift.transport.TTransportException: java.net.SocketException: Connection reset
	at org.apache.thrift.transport.TIOStreamTransport.read(TIOStreamTransport.java:178)
	at org.apache.thrift.transport.TTransport.readAll(TTransport.java:109)
	at org.apache.iotdb.rpc.TElasticFramedTransport.readFrame(TElasticFramedTransport.java:113)
	at org.apache.iotdb.rpc.TElasticFramedTransport.read(TElasticFramedTransport.java:108)
	at org.apache.thrift.transport.TTransport.readAll(TTransport.java:109)
	at org.apache.thrift.protocol.TBinaryProtocol.readAll(TBinaryProtocol.java:463)
	at org.apache.thrift.protocol.TBinaryProtocol.readI32(TBinaryProtocol.java:361)
	at org.apache.thrift.protocol.TBinaryProtocol.readMessageBegin(TBinaryProtocol.java:244)
	at org.apache.iotdb.db.protocol.thrift.ProcessorWithMetrics.process(ProcessorWithMetrics.java:50)
	at org.apache.thrift.server.TThreadPoolServer$WorkerProcess.run(TThreadPoolServer.java:248)
	at java.base/java.util.concurrent.ThreadPoolExecutor.runWorker(ThreadPoolExecutor.java:1144)
	at java.base/java.util.concurrent.ThreadPoolExecutor$Worker.run(ThreadPoolExecutor.java:642)
	at java.base/java.lang.Thread.run(Thread.java:1583)
Caused by: java.net.SocketException: Connection reset
	at java.base/sun.nio.ch.NioSocketImpl.implRead(NioSocketImpl.java:318)
	at java.base/sun.nio.ch.NioSocketImpl.read(NioSocketImpl.java:346)
	at java.base/sun.nio.ch.NioSocketImpl$1.read(NioSocketImpl.java:796)
	at java.base/java.net.Socket$SocketInputStream.read(Socket.java:1099)
	at java.base/java.io.BufferedInputStream.fill(BufferedInputStream.java:291)
	at java.base/java.io.BufferedInputStream.read1(BufferedInputStream.java:347)
	at java.base/java.io.BufferedInputStream.implRead(BufferedInputStream.java:420)
	at java.base/java.io.BufferedInputStream.read(BufferedInputStream.java:399)
	at org.apache.thrift.transport.TIOStreamTransport.read(TIOStreamTransport.java:176)
	... 12 common frames omitted
2024-05-31 20:46:36,548 [pool-31-IoTDB-ClientRPC-Processor-3] ERROR o.a.t.s.TThreadPoolServer$WorkerProcess:258 - Thrift Error occurred during processing of message. 
org.apache.thrift.transport.TTransportException: java.net.SocketException: Connection reset
	at org.apache.thrift.transport.TIOStreamTransport.read(TIOStreamTransport.java:178)
	at org.apache.thrift.transport.TTransport.readAll(TTransport.java:109)
	at org.apache.iotdb.rpc.TElasticFramedTransport.readFrame(TElasticFramedTransport.java:113)
	at org.apache.iotdb.rpc.TElasticFramedTransport.read(TElasticFramedTransport.java:108)
	at org.apache.thrift.transport.TTransport.readAll(TTransport.java:109)
	at org.apache.thrift.protocol.TBinaryProtocol.readAll(TBinaryProtocol.java:463)
	at org.apache.thrift.protocol.TBinaryProtocol.readI32(TBinaryProtocol.java:361)
	at org.apache.thrift.protocol.TBinaryProtocol.readMessageBegin(TBinaryProtocol.java:244)
	at org.apache.iotdb.db.protocol.thrift.ProcessorWithMetrics.process(ProcessorWithMetrics.java:50)
	at org.apache.thrift.server.TThreadPoolServer$WorkerProcess.run(TThreadPoolServer.java:248)
	at java.base/java.util.concurrent.ThreadPoolExecutor.runWorker(ThreadPoolExecutor.java:1144)
	at java.base/java.util.concurrent.ThreadPoolExecutor$Worker.run(ThreadPoolExecutor.java:642)
	at java.base/java.lang.Thread.run(Thread.java:1583)
Caused by: java.net.SocketException: Connection reset
	at java.base/sun.nio.ch.NioSocketImpl.implRead(NioSocketImpl.java:318)
	at java.base/sun.nio.ch.NioSocketImpl.read(NioSocketImpl.java:346)
	at java.base/sun.nio.ch.NioSocketImpl$1.read(NioSocketImpl.java:796)
	at java.base/java.net.Socket$SocketInputStream.read(Socket.java:1099)
	at java.base/java.io.BufferedInputStream.fill(BufferedInputStream.java:291)
	at java.base/java.io.BufferedInputStream.read1(BufferedInputStream.java:347)
	at java.base/java.io.BufferedInputStream.implRead(BufferedInputStream.java:420)
	at java.base/java.io.BufferedInputStream.read(BufferedInputStream.java:399)
	at org.apache.thrift.transport.TIOStreamTransport.read(TIOStreamTransport.java:176)
	... 12 common frames omitted
2024-05-31 20:47:28,718 [pool-31-IoTDB-ClientRPC-Processor-6$20240531_124728_00026_1.1.0] ERROR o.a.i.d.q.e.e.RegionWriteExecutor$WritePlanNodeExecutionVisitor:441 - Metadata error:  
org.apache.iotdb.db.exception.metadata.MeasurementAlreadyExistException: Path [root.car_01.ms_01] already exist
	at org.apache.iotdb.db.schemaengine.schemaregion.mtree.impl.mem.MTreeBelowSGMemoryImpl.checkMeasurementExistence(MTreeBelowSGMemoryImpl.java:453)
	at org.apache.iotdb.db.schemaengine.schemaregion.impl.SchemaRegionMemoryImpl.checkMeasurementExistence(SchemaRegionMemoryImpl.java:679)
	at org.apache.iotdb.db.queryengine.execution.executor.RegionWriteExecutor$WritePlanNodeExecutionVisitor.checkMeasurementExistence(RegionWriteExecutor.java:431)
	at org.apache.iotdb.db.queryengine.execution.executor.RegionWriteExecutor$WritePlanNodeExecutionVisitor.visitCreateMultiTimeSeries(RegionWriteExecutor.java:396)
	at org.apache.iotdb.db.queryengine.execution.executor.RegionWriteExecutor$WritePlanNodeExecutionVisitor.visitCreateMultiTimeSeries(RegionWriteExecutor.java:150)
	at org.apache.iotdb.db.queryengine.plan.planner.plan.node.metedata.write.CreateMultiTimeSeriesNode.accept(CreateMultiTimeSeriesNode.java:157)
	at org.apache.iotdb.db.queryengine.execution.executor.RegionWriteExecutor.execute(RegionWriteExecutor.java:139)
	at org.apache.iotdb.db.queryengine.plan.scheduler.FragmentInstanceDispatcherImpl.dispatchLocally(FragmentInstanceDispatcherImpl.java:390)
	at org.apache.iotdb.db.queryengine.plan.scheduler.FragmentInstanceDispatcherImpl.dispatchWriteAsync(FragmentInstanceDispatcherImpl.java:199)
	at org.apache.iotdb.db.queryengine.plan.scheduler.FragmentInstanceDispatcherImpl.dispatch(FragmentInstanceDispatcherImpl.java:113)
	at org.apache.iotdb.db.queryengine.plan.scheduler.ClusterScheduler.start(ClusterScheduler.java:115)
	at org.apache.iotdb.db.queryengine.plan.execution.QueryExecution.schedule(QueryExecution.java:345)
	at org.apache.iotdb.db.queryengine.plan.execution.QueryExecution.start(QueryExecution.java:233)
	at org.apache.iotdb.db.queryengine.plan.Coordinator.execute(Coordinator.java:160)
	at org.apache.iotdb.db.queryengine.plan.Coordinator.execute(Coordinator.java:174)
	at org.apache.iotdb.db.protocol.thrift.impl.ClientRPCServiceImpl.createMultiTimeseries(ClientRPCServiceImpl.java:1359)
	at org.apache.iotdb.service.rpc.thrift.IClientRPCService$Processor$createMultiTimeseries.getResult(IClientRPCService.java:4444)
	at org.apache.iotdb.service.rpc.thrift.IClientRPCService$Processor$createMultiTimeseries.getResult(IClientRPCService.java:4424)
	at org.apache.thrift.ProcessFunction.process(ProcessFunction.java:38)
	at org.apache.iotdb.db.protocol.thrift.ProcessorWithMetrics.process(ProcessorWithMetrics.java:64)
	at org.apache.thrift.server.TThreadPoolServer$WorkerProcess.run(TThreadPoolServer.java:248)
	at java.base/java.util.concurrent.ThreadPoolExecutor.runWorker(ThreadPoolExecutor.java:1144)
	at java.base/java.util.concurrent.ThreadPoolExecutor$Worker.run(ThreadPoolExecutor.java:642)
	at java.base/java.lang.Thread.run(Thread.java:1583)
2024-05-31 20:47:28,719 [pool-31-IoTDB-ClientRPC-Processor-6$20240531_124728_00026_1.1.0] ERROR o.a.i.d.q.e.e.RegionWriteExecutor$WritePlanNodeExecutionVisitor:441 - Metadata error:  
org.apache.iotdb.db.exception.metadata.MeasurementAlreadyExistException: Path [root.car_01.ms_02] already exist
	at org.apache.iotdb.db.schemaengine.schemaregion.mtree.impl.mem.MTreeBelowSGMemoryImpl.checkMeasurementExistence(MTreeBelowSGMemoryImpl.java:453)
	at org.apache.iotdb.db.schemaengine.schemaregion.impl.SchemaRegionMemoryImpl.checkMeasurementExistence(SchemaRegionMemoryImpl.java:679)
	at org.apache.iotdb.db.queryengine.execution.executor.RegionWriteExecutor$WritePlanNodeExecutionVisitor.checkMeasurementExistence(RegionWriteExecutor.java:431)
	at org.apache.iotdb.db.queryengine.execution.executor.RegionWriteExecutor$WritePlanNodeExecutionVisitor.visitCreateMultiTimeSeries(RegionWriteExecutor.java:396)
	at org.apache.iotdb.db.queryengine.execution.executor.RegionWriteExecutor$WritePlanNodeExecutionVisitor.visitCreateMultiTimeSeries(RegionWriteExecutor.java:150)
	at org.apache.iotdb.db.queryengine.plan.planner.plan.node.metedata.write.CreateMultiTimeSeriesNode.accept(CreateMultiTimeSeriesNode.java:157)
	at org.apache.iotdb.db.queryengine.execution.executor.RegionWriteExecutor.execute(RegionWriteExecutor.java:139)
	at org.apache.iotdb.db.queryengine.plan.scheduler.FragmentInstanceDispatcherImpl.dispatchLocally(FragmentInstanceDispatcherImpl.java:390)
	at org.apache.iotdb.db.queryengine.plan.scheduler.FragmentInstanceDispatcherImpl.dispatchWriteAsync(FragmentInstanceDispatcherImpl.java:199)
	at org.apache.iotdb.db.queryengine.plan.scheduler.FragmentInstanceDispatcherImpl.dispatch(FragmentInstanceDispatcherImpl.java:113)
	at org.apache.iotdb.db.queryengine.plan.scheduler.ClusterScheduler.start(ClusterScheduler.java:115)
	at org.apache.iotdb.db.queryengine.plan.execution.QueryExecution.schedule(QueryExecution.java:345)
	at org.apache.iotdb.db.queryengine.plan.execution.QueryExecution.start(QueryExecution.java:233)
	at org.apache.iotdb.db.queryengine.plan.Coordinator.execute(Coordinator.java:160)
	at org.apache.iotdb.db.queryengine.plan.Coordinator.execute(Coordinator.java:174)
	at org.apache.iotdb.db.protocol.thrift.impl.ClientRPCServiceImpl.createMultiTimeseries(ClientRPCServiceImpl.java:1359)
	at org.apache.iotdb.service.rpc.thrift.IClientRPCService$Processor$createMultiTimeseries.getResult(IClientRPCService.java:4444)
	at org.apache.iotdb.service.rpc.thrift.IClientRPCService$Processor$createMultiTimeseries.getResult(IClientRPCService.java:4424)
	at org.apache.thrift.ProcessFunction.process(ProcessFunction.java:38)
	at org.apache.iotdb.db.protocol.thrift.ProcessorWithMetrics.process(ProcessorWithMetrics.java:64)
	at org.apache.thrift.server.TThreadPoolServer$WorkerProcess.run(TThreadPoolServer.java:248)
	at java.base/java.util.concurrent.ThreadPoolExecutor.runWorker(ThreadPoolExecutor.java:1144)
	at java.base/java.util.concurrent.ThreadPoolExecutor$Worker.run(ThreadPoolExecutor.java:642)
	at java.base/java.lang.Thread.run(Thread.java:1583)
2024-05-31 20:47:28,719 [pool-31-IoTDB-ClientRPC-Processor-6$20240531_124728_00026_1.1.0] ERROR o.a.i.d.q.e.e.RegionWriteExecutor$WritePlanNodeExecutionVisitor:441 - Metadata error:  
org.apache.iotdb.db.exception.metadata.MeasurementAlreadyExistException: Path [root.car_01.ms_03] already exist
	at org.apache.iotdb.db.schemaengine.schemaregion.mtree.impl.mem.MTreeBelowSGMemoryImpl.checkMeasurementExistence(MTreeBelowSGMemoryImpl.java:453)
	at org.apache.iotdb.db.schemaengine.schemaregion.impl.SchemaRegionMemoryImpl.checkMeasurementExistence(SchemaRegionMemoryImpl.java:679)
	at org.apache.iotdb.db.queryengine.execution.executor.RegionWriteExecutor$WritePlanNodeExecutionVisitor.checkMeasurementExistence(RegionWriteExecutor.java:431)
	at org.apache.iotdb.db.queryengine.execution.executor.RegionWriteExecutor$WritePlanNodeExecutionVisitor.visitCreateMultiTimeSeries(RegionWriteExecutor.java:396)
	at org.apache.iotdb.db.queryengine.execution.executor.RegionWriteExecutor$WritePlanNodeExecutionVisitor.visitCreateMultiTimeSeries(RegionWriteExecutor.java:150)
	at org.apache.iotdb.db.queryengine.plan.planner.plan.node.metedata.write.CreateMultiTimeSeriesNode.accept(CreateMultiTimeSeriesNode.java:157)
	at org.apache.iotdb.db.queryengine.execution.executor.RegionWriteExecutor.execute(RegionWriteExecutor.java:139)
	at org.apache.iotdb.db.queryengine.plan.scheduler.FragmentInstanceDispatcherImpl.dispatchLocally(FragmentInstanceDispatcherImpl.java:390)
	at org.apache.iotdb.db.queryengine.plan.scheduler.FragmentInstanceDispatcherImpl.dispatchWriteAsync(FragmentInstanceDispatcherImpl.java:199)
	at org.apache.iotdb.db.queryengine.plan.scheduler.FragmentInstanceDispatcherImpl.dispatch(FragmentInstanceDispatcherImpl.java:113)
	at org.apache.iotdb.db.queryengine.plan.scheduler.ClusterScheduler.start(ClusterScheduler.java:115)
	at org.apache.iotdb.db.queryengine.plan.execution.QueryExecution.schedule(QueryExecution.java:345)
	at org.apache.iotdb.db.queryengine.plan.execution.QueryExecution.start(QueryExecution.java:233)
	at org.apache.iotdb.db.queryengine.plan.Coordinator.execute(Coordinator.java:160)
	at org.apache.iotdb.db.queryengine.plan.Coordinator.execute(Coordinator.java:174)
	at org.apache.iotdb.db.protocol.thrift.impl.ClientRPCServiceImpl.createMultiTimeseries(ClientRPCServiceImpl.java:1359)
	at org.apache.iotdb.service.rpc.thrift.IClientRPCService$Processor$createMultiTimeseries.getResult(IClientRPCService.java:4444)
	at org.apache.iotdb.service.rpc.thrift.IClientRPCService$Processor$createMultiTimeseries.getResult(IClientRPCService.java:4424)
	at org.apache.thrift.ProcessFunction.process(ProcessFunction.java:38)
	at org.apache.iotdb.db.protocol.thrift.ProcessorWithMetrics.process(ProcessorWithMetrics.java:64)
	at org.apache.thrift.server.TThreadPoolServer$WorkerProcess.run(TThreadPoolServer.java:248)
	at java.base/java.util.concurrent.ThreadPoolExecutor.runWorker(ThreadPoolExecutor.java:1144)
	at java.base/java.util.concurrent.ThreadPoolExecutor$Worker.run(ThreadPoolExecutor.java:642)
	at java.base/java.lang.Thread.run(Thread.java:1583)
2024-05-31 20:47:28,719 [pool-31-IoTDB-ClientRPC-Processor-6$20240531_124728_00026_1.1.0] ERROR o.a.i.d.q.e.e.RegionWriteExecutor$WritePlanNodeExecutionVisitor:441 - Metadata error:  
org.apache.iotdb.db.exception.metadata.MeasurementAlreadyExistException: Path [root.car_01.ms_04] already exist
	at org.apache.iotdb.db.schemaengine.schemaregion.mtree.impl.mem.MTreeBelowSGMemoryImpl.checkMeasurementExistence(MTreeBelowSGMemoryImpl.java:453)
	at org.apache.iotdb.db.schemaengine.schemaregion.impl.SchemaRegionMemoryImpl.checkMeasurementExistence(SchemaRegionMemoryImpl.java:679)
	at org.apache.iotdb.db.queryengine.execution.executor.RegionWriteExecutor$WritePlanNodeExecutionVisitor.checkMeasurementExistence(RegionWriteExecutor.java:431)
	at org.apache.iotdb.db.queryengine.execution.executor.RegionWriteExecutor$WritePlanNodeExecutionVisitor.visitCreateMultiTimeSeries(RegionWriteExecutor.java:396)
	at org.apache.iotdb.db.queryengine.execution.executor.RegionWriteExecutor$WritePlanNodeExecutionVisitor.visitCreateMultiTimeSeries(RegionWriteExecutor.java:150)
	at org.apache.iotdb.db.queryengine.plan.planner.plan.node.metedata.write.CreateMultiTimeSeriesNode.accept(CreateMultiTimeSeriesNode.java:157)
	at org.apache.iotdb.db.queryengine.execution.executor.RegionWriteExecutor.execute(RegionWriteExecutor.java:139)
	at org.apache.iotdb.db.queryengine.plan.scheduler.FragmentInstanceDispatcherImpl.dispatchLocally(FragmentInstanceDispatcherImpl.java:390)
	at org.apache.iotdb.db.queryengine.plan.scheduler.FragmentInstanceDispatcherImpl.dispatchWriteAsync(FragmentInstanceDispatcherImpl.java:199)
	at org.apache.iotdb.db.queryengine.plan.scheduler.FragmentInstanceDispatcherImpl.dispatch(FragmentInstanceDispatcherImpl.java:113)
	at org.apache.iotdb.db.queryengine.plan.scheduler.ClusterScheduler.start(ClusterScheduler.java:115)
	at org.apache.iotdb.db.queryengine.plan.execution.QueryExecution.schedule(QueryExecution.java:345)
	at org.apache.iotdb.db.queryengine.plan.execution.QueryExecution.start(QueryExecution.java:233)
	at org.apache.iotdb.db.queryengine.plan.Coordinator.execute(Coordinator.java:160)
	at org.apache.iotdb.db.queryengine.plan.Coordinator.execute(Coordinator.java:174)
	at org.apache.iotdb.db.protocol.thrift.impl.ClientRPCServiceImpl.createMultiTimeseries(ClientRPCServiceImpl.java:1359)
	at org.apache.iotdb.service.rpc.thrift.IClientRPCService$Processor$createMultiTimeseries.getResult(IClientRPCService.java:4444)
	at org.apache.iotdb.service.rpc.thrift.IClientRPCService$Processor$createMultiTimeseries.getResult(IClientRPCService.java:4424)
	at org.apache.thrift.ProcessFunction.process(ProcessFunction.java:38)
	at org.apache.iotdb.db.protocol.thrift.ProcessorWithMetrics.process(ProcessorWithMetrics.java:64)
	at org.apache.thrift.server.TThreadPoolServer$WorkerProcess.run(TThreadPoolServer.java:248)
	at java.base/java.util.concurrent.ThreadPoolExecutor.runWorker(ThreadPoolExecutor.java:1144)
	at java.base/java.util.concurrent.ThreadPoolExecutor$Worker.run(ThreadPoolExecutor.java:642)
	at java.base/java.lang.Thread.run(Thread.java:1583)
2024-05-31 20:48:36,323 [pool-31-IoTDB-ClientRPC-Processor-8$20240531_124836_00046_1.1.0] ERROR o.a.i.d.q.e.e.RegionWriteExecutor$WritePlanNodeExecutionVisitor:441 - Metadata error:  
org.apache.iotdb.db.exception.metadata.MeasurementAlreadyExistException: Path [root.car_01.ms_01] already exist
	at org.apache.iotdb.db.schemaengine.schemaregion.mtree.impl.mem.MTreeBelowSGMemoryImpl.checkMeasurementExistence(MTreeBelowSGMemoryImpl.java:453)
	at org.apache.iotdb.db.schemaengine.schemaregion.impl.SchemaRegionMemoryImpl.checkMeasurementExistence(SchemaRegionMemoryImpl.java:679)
	at org.apache.iotdb.db.queryengine.execution.executor.RegionWriteExecutor$WritePlanNodeExecutionVisitor.checkMeasurementExistence(RegionWriteExecutor.java:431)
	at org.apache.iotdb.db.queryengine.execution.executor.RegionWriteExecutor$WritePlanNodeExecutionVisitor.visitCreateMultiTimeSeries(RegionWriteExecutor.java:396)
	at org.apache.iotdb.db.queryengine.execution.executor.RegionWriteExecutor$WritePlanNodeExecutionVisitor.visitCreateMultiTimeSeries(RegionWriteExecutor.java:150)
	at org.apache.iotdb.db.queryengine.plan.planner.plan.node.metedata.write.CreateMultiTimeSeriesNode.accept(CreateMultiTimeSeriesNode.java:157)
	at org.apache.iotdb.db.queryengine.execution.executor.RegionWriteExecutor.execute(RegionWriteExecutor.java:139)
	at org.apache.iotdb.db.queryengine.plan.scheduler.FragmentInstanceDispatcherImpl.dispatchLocally(FragmentInstanceDispatcherImpl.java:390)
	at org.apache.iotdb.db.queryengine.plan.scheduler.FragmentInstanceDispatcherImpl.dispatchWriteAsync(FragmentInstanceDispatcherImpl.java:199)
	at org.apache.iotdb.db.queryengine.plan.scheduler.FragmentInstanceDispatcherImpl.dispatch(FragmentInstanceDispatcherImpl.java:113)
	at org.apache.iotdb.db.queryengine.plan.scheduler.ClusterScheduler.start(ClusterScheduler.java:115)
	at org.apache.iotdb.db.queryengine.plan.execution.QueryExecution.schedule(QueryExecution.java:345)
	at org.apache.iotdb.db.queryengine.plan.execution.QueryExecution.start(QueryExecution.java:233)
	at org.apache.iotdb.db.queryengine.plan.Coordinator.execute(Coordinator.java:160)
	at org.apache.iotdb.db.queryengine.plan.Coordinator.execute(Coordinator.java:174)
	at org.apache.iotdb.db.protocol.thrift.impl.ClientRPCServiceImpl.createMultiTimeseries(ClientRPCServiceImpl.java:1359)
	at org.apache.iotdb.service.rpc.thrift.IClientRPCService$Processor$createMultiTimeseries.getResult(IClientRPCService.java:4444)
	at org.apache.iotdb.service.rpc.thrift.IClientRPCService$Processor$createMultiTimeseries.getResult(IClientRPCService.java:4424)
	at org.apache.thrift.ProcessFunction.process(ProcessFunction.java:38)
	at org.apache.iotdb.db.protocol.thrift.ProcessorWithMetrics.process(ProcessorWithMetrics.java:64)
	at org.apache.thrift.server.TThreadPoolServer$WorkerProcess.run(TThreadPoolServer.java:248)
	at java.base/java.util.concurrent.ThreadPoolExecutor.runWorker(ThreadPoolExecutor.java:1144)
	at java.base/java.util.concurrent.ThreadPoolExecutor$Worker.run(ThreadPoolExecutor.java:642)
	at java.base/java.lang.Thread.run(Thread.java:1583)
2024-05-31 20:48:36,323 [pool-31-IoTDB-ClientRPC-Processor-8$20240531_124836_00046_1.1.0] ERROR o.a.i.d.q.e.e.RegionWriteExecutor$WritePlanNodeExecutionVisitor:441 - Metadata error:  
org.apache.iotdb.db.exception.metadata.MeasurementAlreadyExistException: Path [root.car_01.ms_02] already exist
	at org.apache.iotdb.db.schemaengine.schemaregion.mtree.impl.mem.MTreeBelowSGMemoryImpl.checkMeasurementExistence(MTreeBelowSGMemoryImpl.java:453)
	at org.apache.iotdb.db.schemaengine.schemaregion.impl.SchemaRegionMemoryImpl.checkMeasurementExistence(SchemaRegionMemoryImpl.java:679)
	at org.apache.iotdb.db.queryengine.execution.executor.RegionWriteExecutor$WritePlanNodeExecutionVisitor.checkMeasurementExistence(RegionWriteExecutor.java:431)
	at org.apache.iotdb.db.queryengine.execution.executor.RegionWriteExecutor$WritePlanNodeExecutionVisitor.visitCreateMultiTimeSeries(RegionWriteExecutor.java:396)
	at org.apache.iotdb.db.queryengine.execution.executor.RegionWriteExecutor$WritePlanNodeExecutionVisitor.visitCreateMultiTimeSeries(RegionWriteExecutor.java:150)
	at org.apache.iotdb.db.queryengine.plan.planner.plan.node.metedata.write.CreateMultiTimeSeriesNode.accept(CreateMultiTimeSeriesNode.java:157)
	at org.apache.iotdb.db.queryengine.execution.executor.RegionWriteExecutor.execute(RegionWriteExecutor.java:139)
	at org.apache.iotdb.db.queryengine.plan.scheduler.FragmentInstanceDispatcherImpl.dispatchLocally(FragmentInstanceDispatcherImpl.java:390)
	at org.apache.iotdb.db.queryengine.plan.scheduler.FragmentInstanceDispatcherImpl.dispatchWriteAsync(FragmentInstanceDispatcherImpl.java:199)
	at org.apache.iotdb.db.queryengine.plan.scheduler.FragmentInstanceDispatcherImpl.dispatch(FragmentInstanceDispatcherImpl.java:113)
	at org.apache.iotdb.db.queryengine.plan.scheduler.ClusterScheduler.start(ClusterScheduler.java:115)
	at org.apache.iotdb.db.queryengine.plan.execution.QueryExecution.schedule(QueryExecution.java:345)
	at org.apache.iotdb.db.queryengine.plan.execution.QueryExecution.start(QueryExecution.java:233)
	at org.apache.iotdb.db.queryengine.plan.Coordinator.execute(Coordinator.java:160)
	at org.apache.iotdb.db.queryengine.plan.Coordinator.execute(Coordinator.java:174)
	at org.apache.iotdb.db.protocol.thrift.impl.ClientRPCServiceImpl.createMultiTimeseries(ClientRPCServiceImpl.java:1359)
	at org.apache.iotdb.service.rpc.thrift.IClientRPCService$Processor$createMultiTimeseries.getResult(IClientRPCService.java:4444)
	at org.apache.iotdb.service.rpc.thrift.IClientRPCService$Processor$createMultiTimeseries.getResult(IClientRPCService.java:4424)
	at org.apache.thrift.ProcessFunction.process(ProcessFunction.java:38)
	at org.apache.iotdb.db.protocol.thrift.ProcessorWithMetrics.process(ProcessorWithMetrics.java:64)
	at org.apache.thrift.server.TThreadPoolServer$WorkerProcess.run(TThreadPoolServer.java:248)
	at java.base/java.util.concurrent.ThreadPoolExecutor.runWorker(ThreadPoolExecutor.java:1144)
	at java.base/java.util.concurrent.ThreadPoolExecutor$Worker.run(ThreadPoolExecutor.java:642)
	at java.base/java.lang.Thread.run(Thread.java:1583)
2024-05-31 20:48:36,324 [pool-31-IoTDB-ClientRPC-Processor-8$20240531_124836_00046_1.1.0] ERROR o.a.i.d.q.e.e.RegionWriteExecutor$WritePlanNodeExecutionVisitor:441 - Metadata error:  
org.apache.iotdb.db.exception.metadata.MeasurementAlreadyExistException: Path [root.car_01.ms_03] already exist
	at org.apache.iotdb.db.schemaengine.schemaregion.mtree.impl.mem.MTreeBelowSGMemoryImpl.checkMeasurementExistence(MTreeBelowSGMemoryImpl.java:453)
	at org.apache.iotdb.db.schemaengine.schemaregion.impl.SchemaRegionMemoryImpl.checkMeasurementExistence(SchemaRegionMemoryImpl.java:679)
	at org.apache.iotdb.db.queryengine.execution.executor.RegionWriteExecutor$WritePlanNodeExecutionVisitor.checkMeasurementExistence(RegionWriteExecutor.java:431)
	at org.apache.iotdb.db.queryengine.execution.executor.RegionWriteExecutor$WritePlanNodeExecutionVisitor.visitCreateMultiTimeSeries(RegionWriteExecutor.java:396)
	at org.apache.iotdb.db.queryengine.execution.executor.RegionWriteExecutor$WritePlanNodeExecutionVisitor.visitCreateMultiTimeSeries(RegionWriteExecutor.java:150)
	at org.apache.iotdb.db.queryengine.plan.planner.plan.node.metedata.write.CreateMultiTimeSeriesNode.accept(CreateMultiTimeSeriesNode.java:157)
	at org.apache.iotdb.db.queryengine.execution.executor.RegionWriteExecutor.execute(RegionWriteExecutor.java:139)
	at org.apache.iotdb.db.queryengine.plan.scheduler.FragmentInstanceDispatcherImpl.dispatchLocally(FragmentInstanceDispatcherImpl.java:390)
	at org.apache.iotdb.db.queryengine.plan.scheduler.FragmentInstanceDispatcherImpl.dispatchWriteAsync(FragmentInstanceDispatcherImpl.java:199)
	at org.apache.iotdb.db.queryengine.plan.scheduler.FragmentInstanceDispatcherImpl.dispatch(FragmentInstanceDispatcherImpl.java:113)
	at org.apache.iotdb.db.queryengine.plan.scheduler.ClusterScheduler.start(ClusterScheduler.java:115)
	at org.apache.iotdb.db.queryengine.plan.execution.QueryExecution.schedule(QueryExecution.java:345)
	at org.apache.iotdb.db.queryengine.plan.execution.QueryExecution.start(QueryExecution.java:233)
	at org.apache.iotdb.db.queryengine.plan.Coordinator.execute(Coordinator.java:160)
	at org.apache.iotdb.db.queryengine.plan.Coordinator.execute(Coordinator.java:174)
	at org.apache.iotdb.db.protocol.thrift.impl.ClientRPCServiceImpl.createMultiTimeseries(ClientRPCServiceImpl.java:1359)
	at org.apache.iotdb.service.rpc.thrift.IClientRPCService$Processor$createMultiTimeseries.getResult(IClientRPCService.java:4444)
	at org.apache.iotdb.service.rpc.thrift.IClientRPCService$Processor$createMultiTimeseries.getResult(IClientRPCService.java:4424)
	at org.apache.thrift.ProcessFunction.process(ProcessFunction.java:38)
	at org.apache.iotdb.db.protocol.thrift.ProcessorWithMetrics.process(ProcessorWithMetrics.java:64)
	at org.apache.thrift.server.TThreadPoolServer$WorkerProcess.run(TThreadPoolServer.java:248)
	at java.base/java.util.concurrent.ThreadPoolExecutor.runWorker(ThreadPoolExecutor.java:1144)
	at java.base/java.util.concurrent.ThreadPoolExecutor$Worker.run(ThreadPoolExecutor.java:642)
	at java.base/java.lang.Thread.run(Thread.java:1583)
2024-05-31 20:48:36,324 [pool-31-IoTDB-ClientRPC-Processor-8$20240531_124836_00046_1.1.0] ERROR o.a.i.d.q.e.e.RegionWriteExecutor$WritePlanNodeExecutionVisitor:441 - Metadata error:  
org.apache.iotdb.db.exception.metadata.MeasurementAlreadyExistException: Path [root.car_01.ms_04] already exist
	at org.apache.iotdb.db.schemaengine.schemaregion.mtree.impl.mem.MTreeBelowSGMemoryImpl.checkMeasurementExistence(MTreeBelowSGMemoryImpl.java:453)
	at org.apache.iotdb.db.schemaengine.schemaregion.impl.SchemaRegionMemoryImpl.checkMeasurementExistence(SchemaRegionMemoryImpl.java:679)
	at org.apache.iotdb.db.queryengine.execution.executor.RegionWriteExecutor$WritePlanNodeExecutionVisitor.checkMeasurementExistence(RegionWriteExecutor.java:431)
	at org.apache.iotdb.db.queryengine.execution.executor.RegionWriteExecutor$WritePlanNodeExecutionVisitor.visitCreateMultiTimeSeries(RegionWriteExecutor.java:396)
	at org.apache.iotdb.db.queryengine.execution.executor.RegionWriteExecutor$WritePlanNodeExecutionVisitor.visitCreateMultiTimeSeries(RegionWriteExecutor.java:150)
	at org.apache.iotdb.db.queryengine.plan.planner.plan.node.metedata.write.CreateMultiTimeSeriesNode.accept(CreateMultiTimeSeriesNode.java:157)
	at org.apache.iotdb.db.queryengine.execution.executor.RegionWriteExecutor.execute(RegionWriteExecutor.java:139)
	at org.apache.iotdb.db.queryengine.plan.scheduler.FragmentInstanceDispatcherImpl.dispatchLocally(FragmentInstanceDispatcherImpl.java:390)
	at org.apache.iotdb.db.queryengine.plan.scheduler.FragmentInstanceDispatcherImpl.dispatchWriteAsync(FragmentInstanceDispatcherImpl.java:199)
	at org.apache.iotdb.db.queryengine.plan.scheduler.FragmentInstanceDispatcherImpl.dispatch(FragmentInstanceDispatcherImpl.java:113)
	at org.apache.iotdb.db.queryengine.plan.scheduler.ClusterScheduler.start(ClusterScheduler.java:115)
	at org.apache.iotdb.db.queryengine.plan.execution.QueryExecution.schedule(QueryExecution.java:345)
	at org.apache.iotdb.db.queryengine.plan.execution.QueryExecution.start(QueryExecution.java:233)
	at org.apache.iotdb.db.queryengine.plan.Coordinator.execute(Coordinator.java:160)
	at org.apache.iotdb.db.queryengine.plan.Coordinator.execute(Coordinator.java:174)
	at org.apache.iotdb.db.protocol.thrift.impl.ClientRPCServiceImpl.createMultiTimeseries(ClientRPCServiceImpl.java:1359)
	at org.apache.iotdb.service.rpc.thrift.IClientRPCService$Processor$createMultiTimeseries.getResult(IClientRPCService.java:4444)
	at org.apache.iotdb.service.rpc.thrift.IClientRPCService$Processor$createMultiTimeseries.getResult(IClientRPCService.java:4424)
	at org.apache.thrift.ProcessFunction.process(ProcessFunction.java:38)
	at org.apache.iotdb.db.protocol.thrift.ProcessorWithMetrics.process(ProcessorWithMetrics.java:64)
	at org.apache.thrift.server.TThreadPoolServer$WorkerProcess.run(TThreadPoolServer.java:248)
	at java.base/java.util.concurrent.ThreadPoolExecutor.runWorker(ThreadPoolExecutor.java:1144)
	at java.base/java.util.concurrent.ThreadPoolExecutor$Worker.run(ThreadPoolExecutor.java:642)
	at java.base/java.lang.Thread.run(Thread.java:1583)
2024-05-31 21:14:05,041 [pool-30-IoTDB-DataNodeInternalRPC-Processor-1] ERROR o.a.t.s.TThreadPoolServer$WorkerProcess:258 - Thrift Error occurred during processing of message. 
org.apache.thrift.transport.TTransportException: java.net.SocketException: Connection reset
	at org.apache.thrift.transport.TIOStreamTransport.read(TIOStreamTransport.java:178)
	at org.apache.thrift.transport.TTransport.readAll(TTransport.java:109)
	at org.apache.iotdb.rpc.TElasticFramedTransport.readFrame(TElasticFramedTransport.java:113)
	at org.apache.iotdb.rpc.TElasticFramedTransport.read(TElasticFramedTransport.java:108)
	at org.apache.thrift.transport.TTransport.readAll(TTransport.java:109)
	at org.apache.thrift.protocol.TBinaryProtocol.readAll(TBinaryProtocol.java:463)
	at org.apache.thrift.protocol.TBinaryProtocol.readI32(TBinaryProtocol.java:361)
	at org.apache.thrift.protocol.TBinaryProtocol.readMessageBegin(TBinaryProtocol.java:244)
	at org.apache.thrift.TBaseProcessor.process(TBaseProcessor.java:27)
	at org.apache.thrift.server.TThreadPoolServer$WorkerProcess.run(TThreadPoolServer.java:248)
	at java.base/java.util.concurrent.ThreadPoolExecutor.runWorker(ThreadPoolExecutor.java:1144)
	at java.base/java.util.concurrent.ThreadPoolExecutor$Worker.run(ThreadPoolExecutor.java:642)
	at java.base/java.lang.Thread.run(Thread.java:1583)
Caused by: java.net.SocketException: Connection reset
	at java.base/sun.nio.ch.NioSocketImpl.implRead(NioSocketImpl.java:318)
	at java.base/sun.nio.ch.NioSocketImpl.read(NioSocketImpl.java:346)
	at java.base/sun.nio.ch.NioSocketImpl$1.read(NioSocketImpl.java:796)
	at java.base/java.net.Socket$SocketInputStream.read(Socket.java:1099)
	at java.base/java.io.BufferedInputStream.fill(BufferedInputStream.java:291)
	at java.base/java.io.BufferedInputStream.read1(BufferedInputStream.java:347)
	at java.base/java.io.BufferedInputStream.implRead(BufferedInputStream.java:420)
	at java.base/java.io.BufferedInputStream.read(BufferedInputStream.java:399)
	at org.apache.thrift.transport.TIOStreamTransport.read(TIOStreamTransport.java:176)
	... 12 common frames omitted
2024-05-31 21:14:05,041 [pool-30-IoTDB-DataNodeInternalRPC-Processor-2] ERROR o.a.t.s.TThreadPoolServer$WorkerProcess:258 - Thrift Error occurred during processing of message. 
org.apache.thrift.transport.TTransportException: java.net.SocketException: Connection reset
	at org.apache.thrift.transport.TIOStreamTransport.read(TIOStreamTransport.java:178)
	at org.apache.thrift.transport.TTransport.readAll(TTransport.java:109)
	at org.apache.iotdb.rpc.TElasticFramedTransport.readFrame(TElasticFramedTransport.java:113)
	at org.apache.iotdb.rpc.TElasticFramedTransport.read(TElasticFramedTransport.java:108)
	at org.apache.thrift.transport.TTransport.readAll(TTransport.java:109)
	at org.apache.thrift.protocol.TBinaryProtocol.readAll(TBinaryProtocol.java:463)
	at org.apache.thrift.protocol.TBinaryProtocol.readI32(TBinaryProtocol.java:361)
	at org.apache.thrift.protocol.TBinaryProtocol.readMessageBegin(TBinaryProtocol.java:244)
	at org.apache.thrift.TBaseProcessor.process(TBaseProcessor.java:27)
	at org.apache.thrift.server.TThreadPoolServer$WorkerProcess.run(TThreadPoolServer.java:248)
	at java.base/java.util.concurrent.ThreadPoolExecutor.runWorker(ThreadPoolExecutor.java:1144)
	at java.base/java.util.concurrent.ThreadPoolExecutor$Worker.run(ThreadPoolExecutor.java:642)
	at java.base/java.lang.Thread.run(Thread.java:1583)
Caused by: java.net.SocketException: Connection reset
	at java.base/sun.nio.ch.NioSocketImpl.implRead(NioSocketImpl.java:318)
	at java.base/sun.nio.ch.NioSocketImpl.read(NioSocketImpl.java:346)
	at java.base/sun.nio.ch.NioSocketImpl$1.read(NioSocketImpl.java:796)
	at java.base/java.net.Socket$SocketInputStream.read(Socket.java:1099)
	at java.base/java.io.BufferedInputStream.fill(BufferedInputStream.java:291)
	at java.base/java.io.BufferedInputStream.read1(BufferedInputStream.java:347)
	at java.base/java.io.BufferedInputStream.implRead(BufferedInputStream.java:420)
	at java.base/java.io.BufferedInputStream.read(BufferedInputStream.java:399)
	at org.apache.thrift.transport.TIOStreamTransport.read(TIOStreamTransport.java:176)
	... 12 common frames omitted
2024-05-31 21:14:14,929 [IoTDB-Shutdown-Hook] ERROR o.a.i.d.s.IoTDBShutdownHook:130 - Failed to report shutdown 
org.apache.thrift.TException: Error in calling method reportDataNodeShutdown, because: Fail to connect to any config node. Please check status of ConfigNodes or logs of connected DataNode
	at org.apache.iotdb.commons.client.sync.SyncThriftClientWithErrorHandler.intercept(SyncThriftClientWithErrorHandler.java:57)
	at org.apache.iotdb.db.protocol.client.ConfigNodeClient$$EnhancerByCGLIB$$c22e8340.reportDataNodeShutdown(<generated>)
	at org.apache.iotdb.db.service.IoTDBShutdownHook.run(IoTDBShutdownHook.java:125)
Caused by: org.apache.thrift.TException: Fail to connect to any config node. Please check status of ConfigNodes or logs of connected DataNode
	at org.apache.iotdb.db.protocol.client.ConfigNodeClient.tryToConnect(ConfigNodeClient.java:265)
	at org.apache.iotdb.db.protocol.client.ConfigNodeClient.waitAndReconnect(ConfigNodeClient.java:234)
	at org.apache.iotdb.db.protocol.client.ConfigNodeClient.executeRemoteCallWithRetry(ConfigNodeClient.java:342)
	at org.apache.iotdb.db.protocol.client.ConfigNodeClient.reportDataNodeShutdown(ConfigNodeClient.java:403)
	at org.apache.iotdb.db.protocol.client.ConfigNodeClient$$EnhancerByCGLIB$$c22e8340.CGLIB$reportDataNodeShutdown$4(<generated>)
	at org.apache.iotdb.db.protocol.client.ConfigNodeClient$$EnhancerByCGLIB$$c22e8340$$FastClassByCGLIB$$6e036d4b.invoke(<generated>)
	at net.sf.cglib.proxy.MethodProxy.invokeSuper(MethodProxy.java:228)
	at org.apache.iotdb.commons.client.sync.SyncThriftClientWithErrorHandler.intercept(SyncThriftClientWithErrorHandler.java:53)
	... 2 common frames omitted
2024-05-31 21:14:14,929 [IoTDB-Shutdown-Hook] ERROR o.a.i.d.s.IoTDBShutdownHook:133 - Reporting DataNode shutdown failed. The cluster will still take the current DataNode as Running for a few seconds. 
