2024-05-02 15:58:49,788 [pool-13-IoTDB-ConfigNodeRPC-Processor-1] ERROR o.a.t.s.TThreadPoolServer$WorkerProcess:258 - Thrift Error occurred during processing of message. 
org.apache.thrift.transport.TTransportException: java.net.SocketException: Connection reset
	at org.apache.thrift.transport.TIOStreamTransport.read(TIOStreamTransport.java:178)
	at org.apache.thrift.transport.TTransport.readAll(TTransport.java:109)
	at org.apache.iotdb.rpc.TElasticFramedTransport.readFrame(TElasticFramedTransport.java:113)
	at org.apache.iotdb.rpc.TElasticFramedTransport.read(TElasticFramedTransport.java:108)
	at org.apache.thrift.transport.TTransport.readAll(TTransport.java:109)
	at org.apache.thrift.protocol.TBinaryProtocol.readAll(TBinaryProtocol.java:463)
	at org.apache.thrift.protocol.TBinaryProtocol.readI32(TBinaryProtocol.java:361)
	at org.apache.thrift.protocol.TBinaryProtocol.readMessageBegin(TBinaryProtocol.java:244)
	at org.apache.thrift.TBaseProcessor.process(TBaseProcessor.java:27)
	at org.apache.thrift.server.TThreadPoolServer$WorkerProcess.run(TThreadPoolServer.java:248)
	at java.base/java.util.concurrent.ThreadPoolExecutor.runWorker(ThreadPoolExecutor.java:1144)
	at java.base/java.util.concurrent.ThreadPoolExecutor$Worker.run(ThreadPoolExecutor.java:642)
	at java.base/java.lang.Thread.run(Thread.java:1583)
Caused by: java.net.SocketException: Connection reset
	at java.base/sun.nio.ch.NioSocketImpl.implRead(NioSocketImpl.java:318)
	at java.base/sun.nio.ch.NioSocketImpl.read(NioSocketImpl.java:346)
	at java.base/sun.nio.ch.NioSocketImpl$1.read(NioSocketImpl.java:796)
	at java.base/java.net.Socket$SocketInputStream.read(Socket.java:1099)
	at java.base/java.io.BufferedInputStream.fill(BufferedInputStream.java:291)
	at java.base/java.io.BufferedInputStream.read1(BufferedInputStream.java:347)
	at java.base/java.io.BufferedInputStream.implRead(BufferedInputStream.java:420)
	at java.base/java.io.BufferedInputStream.read(BufferedInputStream.java:399)
	at org.apache.thrift.transport.TIOStreamTransport.read(TIOStreamTransport.java:176)
	... 12 common frames omitted
2024-05-02 15:58:49,788 [pool-13-IoTDB-ConfigNodeRPC-Processor-3] ERROR o.a.t.s.TThreadPoolServer$WorkerProcess:258 - Thrift Error occurred during processing of message. 
org.apache.thrift.transport.TTransportException: java.net.SocketException: Connection reset
	at org.apache.thrift.transport.TIOStreamTransport.read(TIOStreamTransport.java:178)
	at org.apache.thrift.transport.TTransport.readAll(TTransport.java:109)
	at org.apache.iotdb.rpc.TElasticFramedTransport.readFrame(TElasticFramedTransport.java:113)
	at org.apache.iotdb.rpc.TElasticFramedTransport.read(TElasticFramedTransport.java:108)
	at org.apache.thrift.transport.TTransport.readAll(TTransport.java:109)
	at org.apache.thrift.protocol.TBinaryProtocol.readAll(TBinaryProtocol.java:463)
	at org.apache.thrift.protocol.TBinaryProtocol.readI32(TBinaryProtocol.java:361)
	at org.apache.thrift.protocol.TBinaryProtocol.readMessageBegin(TBinaryProtocol.java:244)
	at org.apache.thrift.TBaseProcessor.process(TBaseProcessor.java:27)
	at org.apache.thrift.server.TThreadPoolServer$WorkerProcess.run(TThreadPoolServer.java:248)
	at java.base/java.util.concurrent.ThreadPoolExecutor.runWorker(ThreadPoolExecutor.java:1144)
	at java.base/java.util.concurrent.ThreadPoolExecutor$Worker.run(ThreadPoolExecutor.java:642)
	at java.base/java.lang.Thread.run(Thread.java:1583)
Caused by: java.net.SocketException: Connection reset
	at java.base/sun.nio.ch.NioSocketImpl.implRead(NioSocketImpl.java:318)
	at java.base/sun.nio.ch.NioSocketImpl.read(NioSocketImpl.java:346)
	at java.base/sun.nio.ch.NioSocketImpl$1.read(NioSocketImpl.java:796)
	at java.base/java.net.Socket$SocketInputStream.read(Socket.java:1099)
	at java.base/java.io.BufferedInputStream.fill(BufferedInputStream.java:291)
	at java.base/java.io.BufferedInputStream.read1(BufferedInputStream.java:347)
	at java.base/java.io.BufferedInputStream.implRead(BufferedInputStream.java:420)
	at java.base/java.io.BufferedInputStream.read(BufferedInputStream.java:399)
	at org.apache.thrift.transport.TIOStreamTransport.read(TIOStreamTransport.java:176)
	... 12 common frames omitted
2024-05-02 15:58:49,788 [pool-13-IoTDB-ConfigNodeRPC-Processor-2] ERROR o.a.t.s.TThreadPoolServer$WorkerProcess:258 - Thrift Error occurred during processing of message. 
org.apache.thrift.transport.TTransportException: java.net.SocketException: Connection reset
	at org.apache.thrift.transport.TIOStreamTransport.read(TIOStreamTransport.java:178)
	at org.apache.thrift.transport.TTransport.readAll(TTransport.java:109)
	at org.apache.iotdb.rpc.TElasticFramedTransport.readFrame(TElasticFramedTransport.java:113)
	at org.apache.iotdb.rpc.TElasticFramedTransport.read(TElasticFramedTransport.java:108)
	at org.apache.thrift.transport.TTransport.readAll(TTransport.java:109)
	at org.apache.thrift.protocol.TBinaryProtocol.readAll(TBinaryProtocol.java:463)
	at org.apache.thrift.protocol.TBinaryProtocol.readI32(TBinaryProtocol.java:361)
	at org.apache.thrift.protocol.TBinaryProtocol.readMessageBegin(TBinaryProtocol.java:244)
	at org.apache.thrift.TBaseProcessor.process(TBaseProcessor.java:27)
	at org.apache.thrift.server.TThreadPoolServer$WorkerProcess.run(TThreadPoolServer.java:248)
	at java.base/java.util.concurrent.ThreadPoolExecutor.runWorker(ThreadPoolExecutor.java:1144)
	at java.base/java.util.concurrent.ThreadPoolExecutor$Worker.run(ThreadPoolExecutor.java:642)
	at java.base/java.lang.Thread.run(Thread.java:1583)
Caused by: java.net.SocketException: Connection reset
	at java.base/sun.nio.ch.NioSocketImpl.implRead(NioSocketImpl.java:318)
	at java.base/sun.nio.ch.NioSocketImpl.read(NioSocketImpl.java:346)
	at java.base/sun.nio.ch.NioSocketImpl$1.read(NioSocketImpl.java:796)
	at java.base/java.net.Socket$SocketInputStream.read(Socket.java:1099)
	at java.base/java.io.BufferedInputStream.fill(BufferedInputStream.java:291)
	at java.base/java.io.BufferedInputStream.read1(BufferedInputStream.java:347)
	at java.base/java.io.BufferedInputStream.implRead(BufferedInputStream.java:420)
	at java.base/java.io.BufferedInputStream.read(BufferedInputStream.java:399)
	at org.apache.thrift.transport.TIOStreamTransport.read(TIOStreamTransport.java:176)
	... 12 common frames omitted
